<?xml version="1.0" encoding="UTF-8"?>
<!-- Generated by org.testng.reporters.JUnitReportReporter -->
<testsuite skipped="0" hostname="ATW-7005" name="com.altius.automation.TestAutomation" tests="1" failures="0" timestamp="09 Jan 2019 10:49:02 GMT" time="1.791" errors="0">
  <testcase name="OnlyCorrectUNPW" time="1.791" classname="com.altius.automation.TestAutomation"/>
</testsuite> <!-- com.altius.automation.TestAutomation -->
