<?xml version="1.0" encoding="UTF-8"?>
<!-- Generated by org.testng.reporters.JUnitReportReporter -->
<testsuite skipped="0" hostname="ATW-7005" name="com.altius.automation.Loginpage" tests="7" failures="0" timestamp="17 Jan 2019 09:07:17 GMT" time="7.033" errors="0">
  <testcase name="WithoutUNPW" time="0.517" classname="com.altius.automation.Loginpage"/>
  <testcase name="wrongUN" time="1.774" classname="com.altius.automation.Loginpage"/>
  <testcase name="wrongPW" time="0.708" classname="com.altius.automation.Loginpage"/>
  <testcase name="wrongUNPW" time="1.036" classname="com.altius.automation.Loginpage"/>
  <testcase name="OnlyCorrectUN" time="0.768" classname="com.altius.automation.Loginpage"/>
  <testcase name="OnlycorrectPW" time="0.792" classname="com.altius.automation.Loginpage"/>
  <testcase name="OnlyCorrectUNPW" time="1.438" classname="com.altius.automation.Loginpage"/>
</testsuite> <!-- com.altius.automation.Loginpage -->
