<?xml version="1.0" encoding="UTF-8"?>
<!-- Generated by org.testng.reporters.JUnitReportReporter -->
<testsuite skipped="0" hostname="ATW-7005" name="com.altius.automation.Loginpage" tests="7" failures="0" timestamp="17 Jan 2019 11:11:54 GMT" time="5.399" errors="0">
  <testcase name="WithoutUNPW" time="0.428" classname="com.altius.automation.Loginpage"/>
  <testcase name="wrongUN" time="1.021" classname="com.altius.automation.Loginpage"/>
  <testcase name="wrongPW" time="0.631" classname="com.altius.automation.Loginpage"/>
  <testcase name="wrongUNPW" time="0.900" classname="com.altius.automation.Loginpage"/>
  <testcase name="OnlyCorrectUN" time="0.762" classname="com.altius.automation.Loginpage"/>
  <testcase name="OnlycorrectPW" time="0.570" classname="com.altius.automation.Loginpage"/>
  <testcase name="OnlyCorrectUNPW" time="1.087" classname="com.altius.automation.Loginpage"/>
</testsuite> <!-- com.altius.automation.Loginpage -->
