<?xml version="1.0" encoding="UTF-8"?>
<!-- Generated by org.testng.reporters.JUnitReportReporter -->
<testsuite skipped="0" hostname="ATW-7005" name="com.altius.automation.Loginpage" tests="7" failures="0" timestamp="24 Jan 2019 08:54:16 GMT" time="8.626" errors="0">
  <testcase name="WithoutUNPW" time="0.569" classname="com.altius.automation.Loginpage"/>
  <testcase name="wrongUN" time="1.910" classname="com.altius.automation.Loginpage"/>
  <testcase name="wrongPW" time="0.836" classname="com.altius.automation.Loginpage"/>
  <testcase name="wrongUNPW" time="1.003" classname="com.altius.automation.Loginpage"/>
  <testcase name="OnlyCorrectUN" time="0.875" classname="com.altius.automation.Loginpage"/>
  <testcase name="OnlycorrectPW" time="0.894" classname="com.altius.automation.Loginpage"/>
  <testcase name="OnlyCorrectUNPW" time="2.539" classname="com.altius.automation.Loginpage"/>
</testsuite> <!-- com.altius.automation.Loginpage -->
